[debug] [2026-04-04T20:20:43.515Z] ----------------------------------------------------------------------
[debug] [2026-04-04T20:20:43.523Z] Command:       C:\Program Files\nodejs\node.exe C:\Users\HELAL\AppData\Roaming\npm\node_modules\firebase-tools\lib\bin\firebase.js init
[debug] [2026-04-04T20:20:43.524Z] CLI Version:   15.13.0
[debug] [2026-04-04T20:20:43.525Z] Platform:      win32
[debug] [2026-04-04T20:20:43.525Z] Node Version:  v24.13.0
[debug] [2026-04-04T20:20:43.525Z] Time:          Sat Apr 04 2026 22:20:43 GMT+0200 (Eastern European Standard Time)
[debug] [2026-04-04T20:20:43.526Z] ----------------------------------------------------------------------
[debug] 
[info] 
     ######## #### ########  ######## ########     ###     ######  ########
     ##        ##  ##     ## ##       ##     ##  ##   ##  ##       ##
     ######    ##  ########  ######   ########  #########  ######  ######
     ##        ##  ##    ##  ##       ##     ## ##     ##       ## ##
     ##       #### ##     ## ######## ########  ##     ##  ######  ########

You're about to initialize a Firebase project in this directory:

  D:\marriage-officiant

[info] 
=== Project Setup
[info] 
[info] First, let's associate this project directory with a Firebase project.
[info] You can create multiple project aliases by running firebase use --add, 
[info] 
[debug] [2026-04-04T20:28:00.178Z] > command requires scopes: ["email","openid","https://www.googleapis.com/auth/cloudplatformprojects.readonly","https://www.googleapis.com/auth/firebase","https://www.googleapis.com/auth/cloud-platform"]
[debug] [2026-04-04T20:28:00.179Z] > authorizing via signed-in user (mm6368990@gmail.com)
[debug] [2026-04-04T20:28:00.182Z] Checked if tokens are valid: true, expires at: 1775336259594
[debug] [2026-04-04T20:28:00.183Z] Checked if tokens are valid: true, expires at: 1775336259594
[debug] [2026-04-04T20:28:00.187Z] >>> [apiv2][query] GET https://firebase.googleapis.com/v1beta1/projects/cosmetic-surgeon-85eba [none]
[debug] [2026-04-04T20:28:11.406Z] *** [apiv2] error from fetch(https://firebase.googleapis.com/v1beta1/projects/cosmetic-surgeon-85eba, {"headers":{},"method":"GET","signal":{"reason":""}}): FetchError: request to https://firebase.googleapis.com/v1beta1/projects/cosmetic-surgeon-85eba failed, reason: Client network socket disconnected before secure TLS connection was established
[debug] [2026-04-04T20:28:11.407Z] Failed to make request to https://firebase.googleapis.com/v1beta1/projects/cosmetic-surgeon-85eba (original: request to https://firebase.googleapis.com/v1beta1/projects/cosmetic-surgeon-85eba failed, reason: Client network socket disconnected before secure TLS connection was established)
[debug] [2026-04-04T20:28:16.425Z] Error: Timed out.
    at Timeout._onTimeout (C:\Users\HELAL\AppData\Roaming\npm\node_modules\firebase-tools\lib\utils.js:309:49)
    at listOnTimeout (node:internal/timers:605:17)
    at process.processTimers (node:internal/timers:541:7)
[error] 
[error] Error: An unexpected error has occurred.
[debug] [2026-04-04T20:28:35.852Z] ----------------------------------------------------------------------
[debug] [2026-04-04T20:28:35.861Z] Command:       C:\Program Files\nodejs\node.exe C:\Users\HELAL\AppData\Roaming\npm\node_modules\firebase-tools\lib\bin\firebase.js init
[debug] [2026-04-04T20:28:35.863Z] CLI Version:   15.13.0
[debug] [2026-04-04T20:28:35.863Z] Platform:      win32
[debug] [2026-04-04T20:28:35.863Z] Node Version:  v24.13.0
[debug] [2026-04-04T20:28:35.864Z] Time:          Sat Apr 04 2026 22:28:35 GMT+0200 (Eastern European Standard Time)
[debug] [2026-04-04T20:28:35.864Z] ----------------------------------------------------------------------
[debug] 
[info] 
     ######## #### ########  ######## ########     ###     ######  ########
     ##        ##  ##     ## ##       ##     ##  ##   ##  ##       ##
     ######    ##  ########  ######   ########  #########  ######  ######
     ##        ##  ##    ##  ##       ##     ## ##     ##       ## ##
     ##       #### ##     ## ######## ########  ##     ##  ######  ########

You're about to initialize a Firebase project in this directory:

  D:\marriage-officiant

[info] 
=== Project Setup
[info] 
[info] First, let's associate this project directory with a Firebase project.
[info] You can create multiple project aliases by running firebase use --add, 
[info] 
[debug] [2026-04-04T20:28:48.444Z] > command requires scopes: ["email","openid","https://www.googleapis.com/auth/cloudplatformprojects.readonly","https://www.googleapis.com/auth/firebase","https://www.googleapis.com/auth/cloud-platform"]
[debug] [2026-04-04T20:28:48.445Z] > authorizing via signed-in user (mm6368990@gmail.com)
[debug] [2026-04-04T20:28:48.449Z] Checked if tokens are valid: true, expires at: 1775336259594
[debug] [2026-04-04T20:28:48.450Z] Checked if tokens are valid: true, expires at: 1775336259594
[debug] [2026-04-04T20:28:48.454Z] >>> [apiv2][query] GET https://firebase.googleapis.com/v1beta1/projects/cosmetic-surgeon-85eba [none]
[debug] [2026-04-04T20:28:59.230Z] *** [apiv2] error from fetch(https://firebase.googleapis.com/v1beta1/projects/cosmetic-surgeon-85eba, {"headers":{},"method":"GET","signal":{"reason":""}}): FetchError: request to https://firebase.googleapis.com/v1beta1/projects/cosmetic-surgeon-85eba failed, reason: Client network socket disconnected before secure TLS connection was established
[debug] [2026-04-04T20:28:59.231Z] Failed to make request to https://firebase.googleapis.com/v1beta1/projects/cosmetic-surgeon-85eba (original: request to https://firebase.googleapis.com/v1beta1/projects/cosmetic-surgeon-85eba failed, reason: Client network socket disconnected before secure TLS connection was established)
[debug] [2026-04-04T20:29:04.257Z] Error: Timed out.
    at Timeout._onTimeout (C:\Users\HELAL\AppData\Roaming\npm\node_modules\firebase-tools\lib\utils.js:309:49)
    at listOnTimeout (node:internal/timers:605:17)
    at process.processTimers (node:internal/timers:541:7)
[error] 
[error] Error: An unexpected error has occurred.
[debug] [2026-04-04T20:29:19.948Z] ----------------------------------------------------------------------
[debug] [2026-04-04T20:29:19.958Z] Command:       C:\Program Files\nodejs\node.exe C:\Users\HELAL\AppData\Roaming\npm\node_modules\firebase-tools\lib\bin\firebase.js init
[debug] [2026-04-04T20:29:19.959Z] CLI Version:   15.13.0
[debug] [2026-04-04T20:29:19.959Z] Platform:      win32
[debug] [2026-04-04T20:29:19.960Z] Node Version:  v24.13.0
[debug] [2026-04-04T20:29:19.960Z] Time:          Sat Apr 04 2026 22:29:19 GMT+0200 (Eastern European Standard Time)
[debug] [2026-04-04T20:29:19.961Z] ----------------------------------------------------------------------
[debug] 
[info] 
     ######## #### ########  ######## ########     ###     ######  ########
     ##        ##  ##     ## ##       ##     ##  ##   ##  ##       ##
     ######    ##  ########  ######   ########  #########  ######  ######
     ##        ##  ##    ##  ##       ##     ## ##     ##       ## ##
     ##       #### ##     ## ######## ########  ##     ##  ######  ########

You're about to initialize a Firebase project in this directory:

  D:\marriage-officiant

[info] 
=== Project Setup
[info] 
[info] First, let's associate this project directory with a Firebase project.
[info] You can create multiple project aliases by running firebase use --add, 
[info] 
[debug] [2026-04-04T20:29:44.985Z] > command requires scopes: ["email","openid","https://www.googleapis.com/auth/cloudplatformprojects.readonly","https://www.googleapis.com/auth/firebase","https://www.googleapis.com/auth/cloud-platform"]
[debug] [2026-04-04T20:29:44.986Z] > authorizing via signed-in user (mm6368990@gmail.com)
[debug] [2026-04-04T20:29:44.990Z] Checked if tokens are valid: true, expires at: 1775336259594
[debug] [2026-04-04T20:29:44.991Z] Checked if tokens are valid: true, expires at: 1775336259594
[debug] [2026-04-04T20:29:44.995Z] >>> [apiv2][query] GET https://firebase.googleapis.com/v1beta1/projects/cosmetic-surgeon-85eba [none]
[debug] [2026-04-04T20:29:55.542Z] *** [apiv2] error from fetch(https://firebase.googleapis.com/v1beta1/projects/cosmetic-surgeon-85eba, {"headers":{},"method":"GET","signal":{"reason":""}}): FetchError: request to https://firebase.googleapis.com/v1beta1/projects/cosmetic-surgeon-85eba failed, reason: socket hang up
[debug] [2026-04-04T20:29:55.543Z] Failed to make request to https://firebase.googleapis.com/v1beta1/projects/cosmetic-surgeon-85eba (original: request to https://firebase.googleapis.com/v1beta1/projects/cosmetic-surgeon-85eba failed, reason: socket hang up)
[debug] [2026-04-04T20:30:00.567Z] Error: Timed out.
    at Timeout._onTimeout (C:\Users\HELAL\AppData\Roaming\npm\node_modules\firebase-tools\lib\utils.js:309:49)
    at listOnTimeout (node:internal/timers:605:17)
    at process.processTimers (node:internal/timers:541:7)
[error] 
[error] Error: An unexpected error has occurred.
[debug] [2026-04-04T20:30:39.415Z] ----------------------------------------------------------------------
[debug] [2026-04-04T20:30:39.426Z] Command:       C:\Program Files\nodejs\node.exe C:\Users\HELAL\AppData\Roaming\npm\node_modules\firebase-tools\lib\bin\firebase.js init
[debug] [2026-04-04T20:30:39.427Z] CLI Version:   15.13.0
[debug] [2026-04-04T20:30:39.428Z] Platform:      win32
[debug] [2026-04-04T20:30:39.428Z] Node Version:  v24.13.0
[debug] [2026-04-04T20:30:39.429Z] Time:          Sat Apr 04 2026 22:30:39 GMT+0200 (Eastern European Standard Time)
[debug] [2026-04-04T20:30:39.429Z] ----------------------------------------------------------------------
[debug] 
[info] 
     ######## #### ########  ######## ########     ###     ######  ########
     ##        ##  ##     ## ##       ##     ##  ##   ##  ##       ##
     ######    ##  ########  ######   ########  #########  ######  ######
     ##        ##  ##    ##  ##       ##     ## ##     ##       ## ##
     ##       #### ##     ## ######## ########  ##     ##  ######  ########

You're about to initialize a Firebase project in this directory:

  D:\marriage-officiant

[info] 
=== Project Setup
[info] 
[info] First, let's associate this project directory with a Firebase project.
[info] You can create multiple project aliases by running firebase use --add, 
[info] 
[debug] [2026-04-04T20:30:53.957Z] > command requires scopes: ["email","openid","https://www.googleapis.com/auth/cloudplatformprojects.readonly","https://www.googleapis.com/auth/firebase","https://www.googleapis.com/auth/cloud-platform"]
[debug] [2026-04-04T20:30:53.958Z] > authorizing via signed-in user (mm6368990@gmail.com)
[debug] [2026-04-04T20:30:53.962Z] Checked if tokens are valid: true, expires at: 1775336259594
[debug] [2026-04-04T20:30:53.963Z] Checked if tokens are valid: true, expires at: 1775336259594
[debug] [2026-04-04T20:30:53.967Z] >>> [apiv2][query] GET https://firebase.googleapis.com/v1beta1/projects/cosmetic-surgeon-85eba [none]
[debug] [2026-04-04T20:31:23.984Z] *** [apiv2] error from fetch(https://firebase.googleapis.com/v1beta1/projects/cosmetic-surgeon-85eba, {"headers":{},"method":"GET","signal":{"reason":""}}): AbortError: The user aborted a request.
[debug] [2026-04-04T20:31:23.985Z] Timeout reached making request to https://firebase.googleapis.com/v1beta1/projects/cosmetic-surgeon-85eba (original: The user aborted a request.)
[debug] [2026-04-04T20:31:29.001Z] Error: Timed out.
    at Timeout._onTimeout (C:\Users\HELAL\AppData\Roaming\npm\node_modules\firebase-tools\lib\utils.js:309:49)
    at listOnTimeout (node:internal/timers:605:17)
    at process.processTimers (node:internal/timers:541:7)
[error] 
[error] Error: An unexpected error has occurred.
[debug] [2026-04-04T20:31:51.239Z] ----------------------------------------------------------------------
[debug] [2026-04-04T20:31:51.248Z] Command:       C:\Program Files\nodejs\node.exe C:\Users\HELAL\AppData\Roaming\npm\node_modules\firebase-tools\lib\bin\firebase.js init
[debug] [2026-04-04T20:31:51.249Z] CLI Version:   15.13.0
[debug] [2026-04-04T20:31:51.250Z] Platform:      win32
[debug] [2026-04-04T20:31:51.250Z] Node Version:  v24.13.0
[debug] [2026-04-04T20:31:51.250Z] Time:          Sat Apr 04 2026 22:31:51 GMT+0200 (Eastern European Standard Time)
[debug] [2026-04-04T20:31:51.251Z] ----------------------------------------------------------------------
[debug] 
[info] 
     ######## #### ########  ######## ########     ###     ######  ########
     ##        ##  ##     ## ##       ##     ##  ##   ##  ##       ##
     ######    ##  ########  ######   ########  #########  ######  ######
     ##        ##  ##    ##  ##       ##     ## ##     ##       ## ##
     ##       #### ##     ## ######## ########  ##     ##  ######  ########

You're about to initialize a Firebase project in this directory:

  D:\marriage-officiant

[info] 
=== Project Setup
[info] 
[info] First, let's associate this project directory with a Firebase project.
[info] You can create multiple project aliases by running firebase use --add, 
[info] 
[debug] [2026-04-04T20:32:02.605Z] > command requires scopes: ["email","openid","https://www.googleapis.com/auth/cloudplatformprojects.readonly","https://www.googleapis.com/auth/firebase","https://www.googleapis.com/auth/cloud-platform"]
[debug] [2026-04-04T20:32:02.606Z] > authorizing via signed-in user (mm6368990@gmail.com)
[debug] [2026-04-04T20:32:02.611Z] Checked if tokens are valid: true, expires at: 1775336259594
[debug] [2026-04-04T20:32:02.612Z] Checked if tokens are valid: true, expires at: 1775336259594
[debug] [2026-04-04T20:32:02.617Z] >>> [apiv2][query] GET https://firebase.googleapis.com/v1beta1/projects/cosmetic-surgeon-85eba [none]
[debug] [2026-04-04T20:32:27.356Z] <<< [apiv2][status] GET https://firebase.googleapis.com/v1beta1/projects/cosmetic-surgeon-85eba 200
[debug] [2026-04-04T20:32:27.357Z] <<< [apiv2][body] GET https://firebase.googleapis.com/v1beta1/projects/cosmetic-surgeon-85eba {"projectId":"cosmetic-surgeon-85eba","projectNumber":"777642309640","displayName":"cosmetic-surgeon","name":"projects/cosmetic-surgeon-85eba","resources":{"hostingSite":"cosmetic-surgeon-85eba"},"state":"ACTIVE","etag":"1_b4fb9646-18eb-4073-b79c-bb7b531dbf91"}
[info] i  Using project cosmetic-surgeon-85eba (cosmetic-surgeon) . 
[info] 
=== Hosting Setup
[debug] [2026-04-04T20:32:27.401Z] Checked if tokens are valid: true, expires at: 1775336259594
[debug] [2026-04-04T20:32:27.401Z] Checked if tokens are valid: true, expires at: 1775336259594
[debug] [2026-04-04T20:32:27.402Z] >>> [apiv2][query] GET https://firebase.googleapis.com/v1beta1/projects/cosmetic-surgeon-85eba [none]
[debug] [2026-04-04T20:32:48.270Z] <<< [apiv2][status] GET https://firebase.googleapis.com/v1beta1/projects/cosmetic-surgeon-85eba 200
[debug] [2026-04-04T20:32:48.270Z] <<< [apiv2][body] GET https://firebase.googleapis.com/v1beta1/projects/cosmetic-surgeon-85eba {"projectId":"cosmetic-surgeon-85eba","projectNumber":"777642309640","displayName":"cosmetic-surgeon","name":"projects/cosmetic-surgeon-85eba","resources":{"hostingSite":"cosmetic-surgeon-85eba"},"state":"ACTIVE","etag":"1_b4fb9646-18eb-4073-b79c-bb7b531dbf91"}
[info] 
[info] Your public directory is the folder (relative to your project directory) that
[info] will contain Hosting assets to be uploaded with firebase deploy. If you
[info] have a build process for your assets, use your build's output directory.
[info] 
[debug] [2026-04-04T20:43:55.185Z] Error: Timed out.
    at Timeout._onTimeout (C:\Users\HELAL\AppData\Roaming\npm\node_modules\firebase-tools\lib\utils.js:309:49)
    at listOnTimeout (node:internal/timers:605:17)
    at process.processTimers (node:internal/timers:541:7)
[error] 
[error] Error: An unexpected error has occurred.
